<?xml version="1.0" encoding="UTF-8"?>
<coverage generated="1745515496133" clover="3.2.0">
  <project timestamp="1745515496134" name="All files">
    <metrics statements="22" coveredstatements="22" conditionals="10" coveredconditionals="10" methods="4" coveredmethods="4" elements="36" coveredelements="36" complexity="0" loc="22" ncloc="22" packages="1" files="1" classes="1"/>
    <file name="scoring.ts" path="/Users/nmiller/Documents/GitHub/cosmo/src/game/scoring.ts">
      <metrics statements="22" coveredstatements="22" conditionals="10" coveredconditionals="10" methods="4" coveredmethods="4"/>
      <line num="23" count="1" type="stmt"/>
      <line num="29" count="1" type="stmt"/>
      <line num="35" count="1" type="stmt"/>
      <line num="44" count="28" type="stmt"/>
      <line num="58" count="7" type="stmt"/>
      <line num="59" count="7" type="stmt"/>
      <line num="60" count="7" type="stmt"/>
      <line num="61" count="7" type="stmt"/>
      <line num="64" count="7" type="stmt"/>
      <line num="67" count="7" type="stmt"/>
      <line num="70" count="7" type="stmt"/>
      <line num="83" count="7" type="cond" truecount="1" falsecount="0"/>
      <line num="84" count="3" type="stmt"/>
      <line num="88" count="4" type="stmt"/>
      <line num="91" count="4" type="stmt"/>
      <line num="102" count="1" type="stmt"/>
      <line num="109" count="11" type="cond" truecount="9" falsecount="0"/>
      <line num="111" count="4" type="stmt"/>
      <line num="115" count="7" type="stmt"/>
      <line num="118" count="7" type="stmt"/>
      <line num="121" count="7" type="stmt"/>
      <line num="123" count="7" type="stmt"/>
    </file>
  </project>
</coverage>
