{"/Users/nmiller/Documents/GitHub/cosmo/src/game/scoring.ts": {"path":"/Users/nmiller/Documents/GitHub/cosmo/src/game/scoring.ts","statementMap":{"0":{"start":{"line":102,"column":0},"end":{"line":102,"column":16}},"1":{"start":{"line":23,"column":23},"end":{"line":23,"column":30}},"2":{"start":{"line":29,"column":29},"end":{"line":29,"column":34}},"3":{"start":{"line":35,"column":19},"end":{"line":35,"column":23}},"4":{"start":{"line":44,"column":2},"end":{"line":44,"column":35}},"5":{"start":{"line":58,"column":15},"end":{"line":58,"column":30}},"6":{"start":{"line":59,"column":15},"end":{"line":59,"column":30}},"7":{"start":{"line":60,"column":19},"end":{"line":60,"column":41}},"8":{"start":{"line":61,"column":22},"end":{"line":61,"column":44}},"9":{"start":{"line":64,"column":12},"end":{"line":66,"column":63}},"10":{"start":{"line":67,"column":12},"end":{"line":67,"column":58}},"11":{"start":{"line":70,"column":2},"end":{"line":70,"column":28}},"12":{"start":{"line":83,"column":2},"end":{"line":85,"column":3}},"13":{"start":{"line":84,"column":4},"end":{"line":84,"column":13}},"14":{"start":{"line":88,"column":17},"end":{"line":88,"column":69}},"15":{"start":{"line":91,"column":2},"end":{"line":91,"column":28}},"16":{"start":{"line":109,"column":2},"end":{"line":112,"column":3}},"17":{"start":{"line":111,"column":4},"end":{"line":111,"column":117}},"18":{"start":{"line":115,"column":19},"end":{"line":115,"column":78}},"19":{"start":{"line":118,"column":21},"end":{"line":118,"column":41}},"20":{"start":{"line":121,"column":17},"end":{"line":121,"column":45}},"21":{"start":{"line":123,"column":2},"end":{"line":123,"column":32}}},"fnMap":{"0":{"name":"toRadians","decl":{"start":{"line":43,"column":9},"end":{"line":43,"column":18}},"loc":{"start":{"line":43,"column":34},"end":{"line":45,"column":1}}},"1":{"name":"haversineDistance","decl":{"start":{"line":56,"column":9},"end":{"line":56,"column":26}},"loc":{"start":{"line":56,"column":81},"end":{"line":71,"column":1}}},"2":{"name":"distanceToPoints","decl":{"start":{"line":81,"column":9},"end":{"line":81,"column":25}},"loc":{"start":{"line":81,"column":44},"end":{"line":92,"column":1}}},"3":{"name":"scoreGuess","decl":{"start":{"line":102,"column":16},"end":{"line":102,"column":26}},"loc":{"start":{"line":106,"column":18},"end":{"line":124,"column":1}}}},"branchMap":{"0":{"loc":{"start":{"line":83,"column":2},"end":{"line":85,"column":3}},"type":"if","locations":[{"start":{"line":83,"column":2},"end":{"line":85,"column":3}}]},"1":{"loc":{"start":{"line":109,"column":2},"end":{"line":112,"column":3}},"type":"if","locations":[{"start":{"line":109,"column":2},"end":{"line":112,"column":3}}]},"2":{"loc":{"start":{"line":109,"column":6},"end":{"line":110,"column":78}},"type":"binary-expr","locations":[{"start":{"line":109,"column":6},"end":{"line":109,"column":21}},{"start":{"line":109,"column":25},"end":{"line":109,"column":39}},{"start":{"line":109,"column":43},"end":{"line":109,"column":57}},{"start":{"line":109,"column":61},"end":{"line":109,"column":74}},{"start":{"line":110,"column":6},"end":{"line":110,"column":22}},{"start":{"line":110,"column":26},"end":{"line":110,"column":41}},{"start":{"line":110,"column":45},"end":{"line":110,"column":60}},{"start":{"line":110,"column":64},"end":{"line":110,"column":78}}]}},"s":{"0":1,"1":1,"2":1,"3":1,"4":28,"5":7,"6":7,"7":7,"8":7,"9":7,"10":7,"11":7,"12":7,"13":3,"14":4,"15":4,"16":11,"17":4,"18":7,"19":7,"20":7,"21":7},"f":{"0":28,"1":7,"2":7,"3":11},"b":{"0":[3],"1":[4],"2":[11,11,10,9,9,9,8,7]}}
}
