TN:
SF:src/game/scoring.ts
FN:43,toRadians
FN:56,haversineDistance
FN:81,distanceToPoints
FN:102,scoreGuess
FNF:4
FNH:4
FNDA:28,toRadians
FNDA:7,haversineDistance
FNDA:7,distanceToPoints
FNDA:11,scoreGuess
DA:23,1
DA:29,1
DA:35,1
DA:44,28
DA:58,7
DA:59,7
DA:60,7
DA:61,7
DA:64,7
DA:67,7
DA:70,7
DA:83,7
DA:84,3
DA:88,4
DA:91,4
DA:102,1
DA:109,11
DA:111,4
DA:115,7
DA:118,7
DA:121,7
DA:123,7
LF:22
LH:22
BRDA:83,0,0,3
BRDA:109,1,0,4
BRDA:109,2,0,11
BRDA:109,2,1,11
BRDA:109,2,2,10
BRDA:109,2,3,9
BRDA:109,2,4,9
BRDA:109,2,5,9
BRDA:109,2,6,8
BRDA:109,2,7,7
BRF:10
BRH:10
end_of_record
